Determining if the pthread_create exist failed with the following output:
Change Dir: /home/12551382/AdvancedRobotics/A2/catkin_ws/build/CMakeFiles/CMakeTmp

Run Build Command:"/usr/bin/make" "cmTC_ca41d/fast"
/usr/bin/make -f CMakeFiles/cmTC_ca41d.dir/build.make CMakeFiles/cmTC_ca41d.dir/build
make[1]: Entering directory '/home/12551382/AdvancedRobotics/A2/catkin_ws/build/CMakeFiles/CMakeTmp'
Building C object CMakeFiles/cmTC_ca41d.dir/CheckSymbolExists.c.o
/usr/bin/cc    -o CMakeFiles/cmTC_ca41d.dir/CheckSymbolExists.c.o   -c /home/12551382/AdvancedRobotics/A2/catkin_ws/build/CMakeFiles/CMakeTmp/CheckSymbolExists.c
Linking C executable cmTC_ca41d
/usr/bin/cmake -E cmake_link_script CMakeFiles/cmTC_ca41d.dir/link.txt --verbose=1
/usr/bin/cc      -rdynamic CMakeFiles/cmTC_ca41d.dir/CheckSymbolExists.c.o  -o cmTC_ca41d 
CMakeFiles/cmTC_ca41d.dir/CheckSymbolExists.c.o: In function `main':
CheckSymbolExists.c:(.text+0x1b): undefined reference to `pthread_create'
collect2: error: ld returned 1 exit status
CMakeFiles/cmTC_ca41d.dir/build.make:97: recipe for target 'cmTC_ca41d' failed
make[1]: *** [cmTC_ca41d] Error 1
make[1]: Leaving directory '/home/12551382/AdvancedRobotics/A2/catkin_ws/build/CMakeFiles/CMakeTmp'
Makefile:126: recipe for target 'cmTC_ca41d/fast' failed
make: *** [cmTC_ca41d/fast] Error 2

File /home/12551382/AdvancedRobotics/A2/catkin_ws/build/CMakeFiles/CMakeTmp/CheckSymbolExists.c:
/* */
#include <pthread.h>

int main(int argc, char** argv)
{
  (void)argv;
#ifndef pthread_create
  return ((int*)(&pthread_create))[argc];
#else
  (void)argc;
  return 0;
#endif
}

Determining if the function pthread_create exists in the pthreads failed with the following output:
Change Dir: /home/12551382/AdvancedRobotics/A2/catkin_ws/build/CMakeFiles/CMakeTmp

Run Build Command:"/usr/bin/make" "cmTC_15d36/fast"
/usr/bin/make -f CMakeFiles/cmTC_15d36.dir/build.make CMakeFiles/cmTC_15d36.dir/build
make[1]: Entering directory '/home/12551382/AdvancedRobotics/A2/catkin_ws/build/CMakeFiles/CMakeTmp'
Building C object CMakeFiles/cmTC_15d36.dir/CheckFunctionExists.c.o
/usr/bin/cc   -DCHECK_FUNCTION_EXISTS=pthread_create   -o CMakeFiles/cmTC_15d36.dir/CheckFunctionExists.c.o   -c /usr/share/cmake-3.10/Modules/CheckFunctionExists.c
Linking C executable cmTC_15d36
/usr/bin/cmake -E cmake_link_script CMakeFiles/cmTC_15d36.dir/link.txt --verbose=1
/usr/bin/cc  -DCHECK_FUNCTION_EXISTS=pthread_create    -rdynamic CMakeFiles/cmTC_15d36.dir/CheckFunctionExists.c.o  -o cmTC_15d36 -lpthreads 
/usr/bin/ld: cannot find -lpthreads
collect2: error: ld returned 1 exit status
CMakeFiles/cmTC_15d36.dir/build.make:97: recipe for target 'cmTC_15d36' failed
make[1]: *** [cmTC_15d36] Error 1
make[1]: Leaving directory '/home/12551382/AdvancedRobotics/A2/catkin_ws/build/CMakeFiles/CMakeTmp'
Makefile:126: recipe for target 'cmTC_15d36/fast' failed
make: *** [cmTC_15d36/fast] Error 2


