Determining if the pthread_create exist failed with the following output:
Change Dir: /home/12551382/49274_19SPR/A1.2/catkin_ws/build/CMakeFiles/CMakeTmp

Run Build Command:"/usr/bin/make" "cmTC_8414f/fast"
/usr/bin/make -f CMakeFiles/cmTC_8414f.dir/build.make CMakeFiles/cmTC_8414f.dir/build
make[1]: Entering directory '/home/12551382/49274_19SPR/A1.2/catkin_ws/build/CMakeFiles/CMakeTmp'
Building C object CMakeFiles/cmTC_8414f.dir/CheckSymbolExists.c.o
/usr/bin/cc    -o CMakeFiles/cmTC_8414f.dir/CheckSymbolExists.c.o   -c /home/12551382/49274_19SPR/A1.2/catkin_ws/build/CMakeFiles/CMakeTmp/CheckSymbolExists.c
Linking C executable cmTC_8414f
/usr/bin/cmake -E cmake_link_script CMakeFiles/cmTC_8414f.dir/link.txt --verbose=1
/usr/bin/cc      -rdynamic CMakeFiles/cmTC_8414f.dir/CheckSymbolExists.c.o  -o cmTC_8414f 
CMakeFiles/cmTC_8414f.dir/CheckSymbolExists.c.o: In function `main':
CheckSymbolExists.c:(.text+0x1b): undefined reference to `pthread_create'
collect2: error: ld returned 1 exit status
CMakeFiles/cmTC_8414f.dir/build.make:97: recipe for target 'cmTC_8414f' failed
make[1]: *** [cmTC_8414f] Error 1
make[1]: Leaving directory '/home/12551382/49274_19SPR/A1.2/catkin_ws/build/CMakeFiles/CMakeTmp'
Makefile:126: recipe for target 'cmTC_8414f/fast' failed
make: *** [cmTC_8414f/fast] Error 2

File /home/12551382/49274_19SPR/A1.2/catkin_ws/build/CMakeFiles/CMakeTmp/CheckSymbolExists.c:
/* */
#include <pthread.h>

int main(int argc, char** argv)
{
  (void)argv;
#ifndef pthread_create
  return ((int*)(&pthread_create))[argc];
#else
  (void)argc;
  return 0;
#endif
}

Determining if the function pthread_create exists in the pthreads failed with the following output:
Change Dir: /home/12551382/49274_19SPR/A1.2/catkin_ws/build/CMakeFiles/CMakeTmp

Run Build Command:"/usr/bin/make" "cmTC_9b45d/fast"
/usr/bin/make -f CMakeFiles/cmTC_9b45d.dir/build.make CMakeFiles/cmTC_9b45d.dir/build
make[1]: Entering directory '/home/12551382/49274_19SPR/A1.2/catkin_ws/build/CMakeFiles/CMakeTmp'
Building C object CMakeFiles/cmTC_9b45d.dir/CheckFunctionExists.c.o
/usr/bin/cc   -DCHECK_FUNCTION_EXISTS=pthread_create   -o CMakeFiles/cmTC_9b45d.dir/CheckFunctionExists.c.o   -c /usr/share/cmake-3.10/Modules/CheckFunctionExists.c
Linking C executable cmTC_9b45d
/usr/bin/cmake -E cmake_link_script CMakeFiles/cmTC_9b45d.dir/link.txt --verbose=1
/usr/bin/cc  -DCHECK_FUNCTION_EXISTS=pthread_create    -rdynamic CMakeFiles/cmTC_9b45d.dir/CheckFunctionExists.c.o  -o cmTC_9b45d -lpthreads 
/usr/bin/ld: cannot find -lpthreads
collect2: error: ld returned 1 exit status
CMakeFiles/cmTC_9b45d.dir/build.make:97: recipe for target 'cmTC_9b45d' failed
make[1]: *** [cmTC_9b45d] Error 1
make[1]: Leaving directory '/home/12551382/49274_19SPR/A1.2/catkin_ws/build/CMakeFiles/CMakeTmp'
Makefile:126: recipe for target 'cmTC_9b45d/fast' failed
make: *** [cmTC_9b45d/fast] Error 2


